#
# A fatal error has been detected by the Java Runtime Environment:
#
#  EXCEPTION_ACCESS_VIOLATION (0xc0000005) at pc=0x00007fffae092917, pid=1176, tid=10716
#
# JRE version: OpenJDK Runtime Environment (17.0.8) (build 17.0.8+0--10799086)
# Java VM: OpenJDK 64-Bit Server VM (17.0.8+0--10799086, mixed mode, tiered, compressed oops, compressed class ptrs, g1 gc, windows-amd64)
# Problematic frame:
# V  [jvm.dll+0x662917]
#
# No core dump will be written. Minidumps are not enabled by default on client versions of Windows
#
# If you would like to submit a bug report, please visit:
#   https://bugreport.java.com/bugreport/crash.jsp
#

---------------  S U M M A R Y ------------

Command Line: --add-opens=java.base/java.util=ALL-UNNAMED --add-opens=java.base/java.lang=ALL-UNNAMED --add-opens=java.base/java.lang.invoke=ALL-UNNAMED --add-opens=java.prefs/java.util.prefs=ALL-UNNAMED --add-opens=java.base/java.nio.charset=ALL-UNNAMED --add-opens=java.base/java.net=ALL-UNNAMED --add-opens=java.base/java.util.concurrent.atomic=ALL-UNNAMED -Xmx2048m -Dfile.encoding=UTF-8 -Duser.country=BR -Duser.language=pt -Duser.variant -javaagent:C:\Users\Junior\.gradle\wrapper\dists\gradle-8.3-rc-2-bin\b47gxn1x5vasshme93obqqrpm\gradle-8.3-rc-2\lib\agents\gradle-instrumentation-agent-8.3.jar org.gradle.launcher.daemon.bootstrap.GradleDaemon 8.3-rc-2

Host: AMD FX(tm)-8100 Eight-Core Processor           , 8 cores, 11G,  Windows 10 , 64 bit Build 19041 (10.0.19041.3393)
Time: Sat Sep 23 18:08:15 2023 Hora oficial do Brasil elapsed time: 8.933990 seconds (0d 0h 0m 8s)

---------------  T H R E A D  ---------------

Current thread (0x0000025e7ecd5020):  JavaThread "C2 CompilerThread0" daemon [_thread_in_native, id=10716, stack(0x000000c2f0f00000,0x000000c2f1000000)]


Current CompileTask:
C2:   8934 3774       4       jdk.internal.org.objectweb.asm.Frame::execute (2305 bytes)

Stack: [0x000000c2f0f00000,0x000000c2f1000000],  sp=0x000000c2f0ffb4e0,  free space=1005k
Native frames: (J=compiled Java code, j=interpreted, Vv=VM code, C=native code)
V  [jvm.dll+0x662917]
V  [jvm.dll+0x6aa689]
V  [jvm.dll+0x6ac446]
V  [jvm.dll+0x6aaeba]
V  [jvm.dll+0x21e7b0]
V  [jvm.dll+0x21cb0b]
V  [jvm.dll+0x1a660d]
V  [jvm.dll+0x22c9c8]
V  [jvm.dll+0x22a990]
V  [jvm.dll+0x7f9d3c]
V  [jvm.dll+0x7f415a]
V  [jvm.dll+0x684115]
C  [ucrtbase.dll+0x21bb2]
C  [KERNEL32.DLL+0x17344]
C  [ntdll.dll+0x526b1]


siginfo: EXCEPTION_ACCESS_VIOLATION (0xc0000005), reading address 0xffffffffffffffff


Register to memory mapping:

RIP=0x00007fffae092917 jvm.dll
RAX=0x0000000000000083 is an unknown value
RBX=0x000000003ab88c88 is an unknown value
RCX=0x0000025e17354138 points into unknown readable memory: 0x0000025e17354f98 | 98 4f 35 17 5e 02 00 00
RDX=0x0000025e17354f98 points into unknown readable memory: 0x00007fffae357c78 | 78 7c 35 ae ff 7f 00 00
RSP=0x000000c2f0ffb4e0 is pointing into the stack for thread: 0x0000025e7ecd5020
RBP=0x0000000000000668 is an unknown value
RSI=0x0000025e176e20c0 points into unknown readable memory: 0x00007fffae37fae0 | e0 fa 37 ae ff 7f 00 00
RDI=0x000000003ab88d0d is an unknown value
R8 =0x000000000000000f is an unknown value
R9 =0x0000025e1669ab18 points into unknown readable memory: 0x0000000000000000 | 00 00 00 00 00 00 00 00
R10=0x0 is NULL
R11=0x0 is NULL
R12=0x0 is NULL
R13=0x0000025e75ce07f0 points into unknown readable memory: 0x00007fffae392600 | 00 26 39 ae ff 7f 00 00
R14=0x0000000000003340 is an unknown value
R15=0x0000025e165c28f0 points into unknown readable memory: 0x00007fffae35b688 | 88 b6 35 ae ff 7f 00 00


Registers:
RAX=0x0000000000000083, RBX=0x000000003ab88c88, RCX=0x0000025e17354138, RDX=0x0000025e17354f98
RSP=0x000000c2f0ffb4e0, RBP=0x0000000000000668, RSI=0x0000025e176e20c0, RDI=0x000000003ab88d0d
R8 =0x000000000000000f, R9 =0x0000025e1669ab18, R10=0x0000000000000000, R11=0x0000000000000000
R12=0x0000000000000000, R13=0x0000025e75ce07f0, R14=0x0000000000003340, R15=0x0000025e165c28f0
RIP=0x00007fffae092917, EFLAGS=0x0000000000010202

Top of Stack: (sp=0x000000c2f0ffb4e0)
0x000000c2f0ffb4e0:   000000c2f0ffb770 00007fffae091b17
0x000000c2f0ffb4f0:   000000c2f0ffb770 0000025e16975468
0x000000c2f0ffb500:   000000c2f0ffc0f8 00007fffae0da689
0x000000c2f0ffb510:   0000025e176e20c0 000000c2f0ffb770
0x000000c2f0ffb520:   0000025e75ce07f0 0000000000000000
0x000000c2f0ffb530:   000000c2f0ffb770 00007fffae0dc446
0x000000c2f0ffb540:   0000025e176e20c0 0000025e176e1d50
0x000000c2f0ffb550:   0000000000000667 000000c2f0ffb770
0x000000c2f0ffb560:   000000c2f0ffb770 00007fffae0daeba
0x000000c2f0ffb570:   000000c2f0ffe730 0000000000000668
0x000000c2f0ffb580:   0000025e176e20c0 0000025e7f3617d0
0x000000c2f0ffb590:   0000000000000050 00007fffae37fe28
0x000000c2f0ffb5a0:   0000000000000020 00007fffadc4e7b0
0x000000c2f0ffb5b0:   0000000000000000 0000025e7eb0b9a0
0x000000c2f0ffb5c0:   000000c2f0ffe730 000000c2f0ffb6b0
0x000000c2f0ffb5d0:   0000000000000000 00007fffadf9a37a 

Instructions: (pc=0x00007fffae092917)
0x00007fffae092817:   5c ff ff ff b0 01 48 8b 5c 24 30 48 8b 74 24 38
0x00007fffae092827:   48 83 c4 20 5f c3 48 8b 03 48 8b cb ff 10 3b c6
0x00007fffae092837:   0f 85 3a ff ff ff 48 8b 43 08 48 39 78 10 0f 85
0x00007fffae092847:   2c ff ff ff b0 01 48 8b 5c 24 30 48 8b 74 24 38
0x00007fffae092857:   48 83 c4 20 5f c3 48 8b 03 48 8b cb ff 10 48 8b
0x00007fffae092867:   5c 24 30 3d ca 00 00 00 48 8b 74 24 38 0f 94 c0
0x00007fffae092877:   48 83 c4 20 5f c3 cc cc cc 48 89 5c 24 08 57 48
0x00007fffae092887:   83 ec 20 48 8b f9 33 db 8b 49 18 85 c9 74 18 48
0x00007fffae092897:   8b 47 08 8b d1 0f 1f 40 00 03 db 2b 18 48 8d 40
0x00007fffae0928a7:   08 48 83 ea 01 75 f2 48 8b 07 48 8b cf ff 10 c1
0x00007fffae0928b7:   eb 02 03 c3 48 8b 5c 24 30 03 47 18 48 83 c4 20
0x00007fffae0928c7:   5f c3 cc cc cc cc cc cc cc 48 89 5c 24 08 48 89
0x00007fffae0928d7:   74 24 10 57 48 83 ec 20 48 8b f1 33 db 8b 49 18
0x00007fffae0928e7:   85 c9 74 14 48 8b 46 08 8b d1 03 db 2b 18 48 8d
0x00007fffae0928f7:   40 08 48 83 ea 01 75 f2 48 8b 06 48 8b ce ff 10
0x00007fffae092907:   48 8b 4e 38 c1 eb 02 48 8b 11 8d 3c 03 03 7e 18
0x00007fffae092917:   ff 52 50 48 8b 5c 24 30 03 c7 48 8b 74 24 38 48
0x00007fffae092927:   83 c4 20 5f c3 cc cc cc cc 48 83 ec 28 ba 05 09
0x00007fffae092937:   00 00 48 8d 0d 90 23 35 00 e8 9b 8c be ff e8 06
0x00007fffae092947:   25 02 00 48 8d 05 df b1 4d 00 48 83 c4 28 c3 cc
0x00007fffae092957:   cc cc cc cc cc cc cc cc cc 48 89 5c 24 08 48 89
0x00007fffae092967:   74 24 10 57 48 83 ec 20 44 8b 51 18 49 8b f8 8b
0x00007fffae092977:   f2 48 8b d9 8b 51 1c 44 3b d2 73 0f 48 8b 41 08
0x00007fffae092987:   44 8d 4a ff 4a 83 3c c8 00 74 0b ff c2 e8 57 fa
0x00007fffae092997:   ff ff 44 8b 53 18 48 8b 4b 08 41 8b c2 4c 8b 04
0x00007fffae0929a7:   c1 4d 85 c0 74 29 8b 53 1c 44 3b d2 73 12 41 8b
0x00007fffae0929b7:   c2 48 83 3c c1 00 74 08 41 ff c2 44 3b d2 72 ee
0x00007fffae0929c7:   41 8b c2 4c 89 04 c1 44 8b 53 18 48 8b 4b 08 41
0x00007fffae0929d7:   8b c2 48 c7 04 c1 00 00 00 00 ff 43 18 8b 43 18
0x00007fffae0929e7:   2b c6 83 e8 01 74 38 48 8b 53 08 44 8d 56 01 49
0x00007fffae0929f7:   ff ca 44 8b c0 4d 03 d0 4c 8d 4e ff 4d 03 c8 4e
0x00007fffae092a07:   8d 14 d2 4e 8d 0c ca 85 c0 74 14 49 8b 01 4d 8d 


Stack slot to memory mapping:
stack at sp + 0 slots: 0x000000c2f0ffb770 is pointing into the stack for thread: 0x0000025e7ecd5020
stack at sp + 1 slots: 0x00007fffae091b17 jvm.dll
stack at sp + 2 slots: 0x000000c2f0ffb770 is pointing into the stack for thread: 0x0000025e7ecd5020
stack at sp + 3 slots: 0x0000025e16975468 points into unknown readable memory: 0x00007fffae36dd08 | 08 dd 36 ae ff 7f 00 00
stack at sp + 4 slots: 0x000000c2f0ffc0f8 is pointing into the stack for thread: 0x0000025e7ecd5020
stack at sp + 5 slots: 0x00007fffae0da689 jvm.dll
stack at sp + 6 slots: 0x0000025e176e20c0 points into unknown readable memory: 0x00007fffae37fae0 | e0 fa 37 ae ff 7f 00 00
stack at sp + 7 slots: 0x000000c2f0ffb770 is pointing into the stack for thread: 0x0000025e7ecd5020


---------------  P R O C E S S  ---------------

Threads class SMR info:
_java_thread_list=0x0000025e17772b20, length=36, elements={
0x0000025e75cc9690, 0x0000025e7ecb3260, 0x0000025e7ecb3ff0, 0x0000025e7eb5c650,
0x0000025e7eb5d020, 0x0000025e7eb5d8f0, 0x0000025e7eb5e1c0, 0x0000025e7ecd5020,
0x0000025e7ece1e50, 0x0000025e7ece6780, 0x0000025e7ed7f6b0, 0x0000025e7f000cb0,
0x0000025e166b66f0, 0x0000025e1664c400, 0x0000025e161b7900, 0x0000025e16ab5340,
0x0000025e15addf70, 0x0000025e15bcf550, 0x0000025e15bce110, 0x0000025e15bcccd0,
0x0000025e15bceb30, 0x0000025e15bcdc00, 0x0000025e15bce620, 0x0000025e15bcfa60,
0x0000025e15bcff70, 0x0000025e15bcd1e0, 0x0000025e15bd0480, 0x0000025e15bcd6f0,
0x0000025e162c9380, 0x0000025e162c9da0, 0x0000025e162c8e70, 0x0000025e162c7010,
0x0000025e162c4790, 0x0000025e15620150, 0x0000025e162c7a30, 0x0000025e171e1250
}

Java Threads: ( => current thread )
  0x0000025e75cc9690 JavaThread "main" [_thread_blocked, id=3060, stack(0x000000c2f0200000,0x000000c2f0300000)]
  0x0000025e7ecb3260 JavaThread "Reference Handler" daemon [_thread_blocked, id=3056, stack(0x000000c2f0900000,0x000000c2f0a00000)]
  0x0000025e7ecb3ff0 JavaThread "Finalizer" daemon [_thread_blocked, id=9936, stack(0x000000c2f0a00000,0x000000c2f0b00000)]
  0x0000025e7eb5c650 JavaThread "Signal Dispatcher" daemon [_thread_blocked, id=5280, stack(0x000000c2f0b00000,0x000000c2f0c00000)]
  0x0000025e7eb5d020 JavaThread "Attach Listener" daemon [_thread_blocked, id=10468, stack(0x000000c2f0c00000,0x000000c2f0d00000)]
  0x0000025e7eb5d8f0 JavaThread "Service Thread" daemon [_thread_blocked, id=10460, stack(0x000000c2f0d00000,0x000000c2f0e00000)]
  0x0000025e7eb5e1c0 JavaThread "Monitor Deflation Thread" daemon [_thread_blocked, id=10724, stack(0x000000c2f0e00000,0x000000c2f0f00000)]
=>0x0000025e7ecd5020 JavaThread "C2 CompilerThread0" daemon [_thread_in_native, id=10716, stack(0x000000c2f0f00000,0x000000c2f1000000)]
  0x0000025e7ece1e50 JavaThread "C1 CompilerThread0" daemon [_thread_in_native, id=11716, stack(0x000000c2f1000000,0x000000c2f1100000)]
  0x0000025e7ece6780 JavaThread "Sweeper thread" daemon [_thread_blocked, id=5392, stack(0x000000c2f1100000,0x000000c2f1200000)]
  0x0000025e7ed7f6b0 JavaThread "Common-Cleaner" daemon [_thread_blocked, id=10368, stack(0x000000c2f1200000,0x000000c2f1300000)]
  0x0000025e7f000cb0 JavaThread "Notification Thread" daemon [_thread_blocked, id=9820, stack(0x000000c2f1300000,0x000000c2f1400000)]
  0x0000025e166b66f0 JavaThread "Daemon health stats" [_thread_blocked, id=6168, stack(0x000000c2f1b00000,0x000000c2f1c00000)]
  0x0000025e1664c400 JavaThread "Incoming local TCP Connector on port 49965" [_thread_in_native, id=4936, stack(0x000000c2f1500000,0x000000c2f1600000)]
  0x0000025e161b7900 JavaThread "Daemon periodic checks" [_thread_blocked, id=8904, stack(0x000000c2f1a00000,0x000000c2f1b00000)]
  0x0000025e16ab5340 JavaThread "Daemon" [_thread_blocked, id=10196, stack(0x000000c2f1c00000,0x000000c2f1d00000)]
  0x0000025e15addf70 JavaThread "Handler for socket connection from /127.0.0.1:49965 to /127.0.0.1:49966" [_thread_in_native, id=8896, stack(0x000000c2f1d00000,0x000000c2f1e00000)]
  0x0000025e15bcf550 JavaThread "Cancel handler" [_thread_blocked, id=2216, stack(0x000000c2f1e00000,0x000000c2f1f00000)]
  0x0000025e15bce110 JavaThread "Daemon worker" [_thread_in_vm, id=8900, stack(0x000000c2f1f00000,0x000000c2f2000000)]
  0x0000025e15bcccd0 JavaThread "Asynchronous log dispatcher for DefaultDaemonConnection: socket connection from /127.0.0.1:49965 to /127.0.0.1:49966" [_thread_blocked, id=2076, stack(0x000000c2f2000000,0x000000c2f2100000)]
  0x0000025e15bceb30 JavaThread "Stdin handler" [_thread_blocked, id=13076, stack(0x000000c2f2100000,0x000000c2f2200000)]
  0x0000025e15bcdc00 JavaThread "Daemon client event forwarder" [_thread_blocked, id=2016, stack(0x000000c2f2200000,0x000000c2f2300000)]
  0x0000025e15bce620 JavaThread "Cache worker for journal cache (C:\Users\Junior\.gradle\caches\journal-1)" [_thread_blocked, id=12380, stack(0x000000c2f2700000,0x000000c2f2800000)]
  0x0000025e15bcfa60 JavaThread "File lock request listener" [_thread_in_native, id=13068, stack(0x000000c2f2800000,0x000000c2f2900000)]
  0x0000025e15bcff70 JavaThread "Cache worker for file hash cache (C:\Users\Junior\.gradle\caches\8.3-rc-2\fileHashes)" [_thread_blocked, id=5888, stack(0x000000c2f2a00000,0x000000c2f2b00000)]
  0x0000025e15bcd1e0 JavaThread "File watcher server" daemon [_thread_in_native, id=4520, stack(0x000000c2f2900000,0x000000c2f2a00000)]
  0x0000025e15bd0480 JavaThread "File watcher consumer" daemon [_thread_blocked, id=6096, stack(0x000000c2f2b00000,0x000000c2f2c00000)]
  0x0000025e15bcd6f0 JavaThread "Cache worker for checksums cache (C:\Users\Junior\Downloads\TownTrove\.gradle\8.3-rc-2\checksums)" [_thread_blocked, id=10096, stack(0x000000c2f2c00000,0x000000c2f2d00000)]
  0x0000025e162c9380 JavaThread "Cache worker for file hash cache (C:\Users\Junior\Downloads\TownTrove\.gradle\8.3-rc-2\fileHashes)" [_thread_blocked, id=1948, stack(0x000000c2f2d00000,0x000000c2f2e00000)]
  0x0000025e162c9da0 JavaThread "Cache worker for cache directory md-supplier (C:\Users\Junior\.gradle\caches\8.3-rc-2\md-supplier)" [_thread_blocked, id=2572, stack(0x000000c2f2e00000,0x000000c2f2f00000)]
  0x0000025e162c8e70 JavaThread "Cache worker for file content cache (C:\Users\Junior\.gradle\caches\8.3-rc-2\fileContent)" [_thread_blocked, id=12376, stack(0x000000c2f2f00000,0x000000c2f3000000)]
  0x0000025e162c7010 JavaThread "Cache worker for cache directory md-rule (C:\Users\Junior\.gradle\caches\8.3-rc-2\md-rule)" [_thread_blocked, id=6492, stack(0x000000c2f3000000,0x000000c2f3100000)]
  0x0000025e162c4790 JavaThread "Cache worker for execution history cache (C:\Users\Junior\.gradle\caches\8.3-rc-2\executionHistory)" [_thread_blocked, id=10108, stack(0x000000c2f3100000,0x000000c2f3200000)]
  0x0000025e15620150 JavaThread "C2 CompilerThread1" daemon [_thread_in_native, id=12232, stack(0x000000c2f3200000,0x000000c2f3300000)]
  0x0000025e162c7a30 JavaThread "Cache worker for kotlin-dsl (C:\Users\Junior\.gradle\caches\8.3-rc-2\kotlin-dsl)" [_thread_blocked, id=12676, stack(0x000000c2f3600000,0x000000c2f3700000)]
  0x0000025e171e1250 JavaThread "C2 CompilerThread2" daemon [_thread_blocked, id=5944, stack(0x000000c2f3300000,0x000000c2f3400000)]

Other Threads:
  0x0000025e7ec9fe10 VMThread "VM Thread" [stack: 0x000000c2f0800000,0x000000c2f0900000] [id=6456]
  0x0000025e75d50840 WatcherThread [stack: 0x000000c2f1400000,0x000000c2f1500000] [id=10712]
  0x0000025e75d25570 GCTaskThread "GC Thread#0" [stack: 0x000000c2f0300000,0x000000c2f0400000] [id=3052]
  0x0000025e15415090 GCTaskThread "GC Thread#1" [stack: 0x000000c2f1600000,0x000000c2f1700000] [id=10360]
  0x0000025e15415350 GCTaskThread "GC Thread#2" [stack: 0x000000c2f1700000,0x000000c2f1800000] [id=2776]
  0x0000025e15415610 GCTaskThread "GC Thread#3" [stack: 0x000000c2f1800000,0x000000c2f1900000] [id=4820]
  0x0000025e158a3ef0 GCTaskThread "GC Thread#4" [stack: 0x000000c2f1900000,0x000000c2f1a00000] [id=8876]
  0x0000025e15869e00 GCTaskThread "GC Thread#5" [stack: 0x000000c2f2300000,0x000000c2f2400000] [id=13128]
  0x0000025e15c30ec0 GCTaskThread "GC Thread#6" [stack: 0x000000c2f2400000,0x000000c2f2500000] [id=7560]
  0x0000025e15d0f0c0 GCTaskThread "GC Thread#7" [stack: 0x000000c2f2500000,0x000000c2f2600000] [id=12252]
  0x0000025e75d363d0 ConcurrentGCThread "G1 Main Marker" [stack: 0x000000c2f0400000,0x000000c2f0500000] [id=3000]
  0x0000025e75d36cf0 ConcurrentGCThread "G1 Conc#0" [stack: 0x000000c2f0500000,0x000000c2f0600000] [id=3076]
  0x0000025e168ec840 ConcurrentGCThread "G1 Conc#1" [stack: 0x000000c2f2600000,0x000000c2f2700000] [id=11828]
  0x0000025e75d8de20 ConcurrentGCThread "G1 Refine#0" [stack: 0x000000c2f0600000,0x000000c2f0700000] [id=12872]
  0x0000025e16e1ac90 ConcurrentGCThread "G1 Refine#1" [stack: 0x000000c2f3400000,0x000000c2f3500000] [id=13164]
  0x0000025e16e1b850 ConcurrentGCThread "G1 Refine#2" [stack: 0x000000c2f3500000,0x000000c2f3600000] [id=10856]
  0x0000025e75d8e760 ConcurrentGCThread "G1 Service" [stack: 0x000000c2f0700000,0x000000c2f0800000] [id=10868]

Threads with active compile tasks:
C2 CompilerThread0     9059 3774       4       jdk.internal.org.objectweb.asm.Frame::execute (2305 bytes)
C2 CompilerThread1     9059 3752       4       java.net.URLClassLoader$1::run (5 bytes)

VM state: not at safepoint (normal execution)

VM Mutex/Monitor currently owned by a thread: None

Heap address: 0x0000000080000000, size: 2048 MB, Compressed Oops mode: 32-bit

CDS archive(s) not mapped
Compressed class space mapped at: 0x0000000100000000-0x0000000140000000, reserved size: 1073741824
Narrow klass base: 0x0000000000000000, Narrow klass shift: 3, Narrow klass range: 0x140000000

GC Precious Log:
 CPUs: 8 total, 8 available
 Memory: 12254M
 Large Page Support: Disabled
 NUMA Support: Disabled
 Compressed Oops: Enabled (32-bit)
 Heap Region Size: 1M
 Heap Min Capacity: 8M
 Heap Initial Capacity: 192M
 Heap Max Capacity: 2G
 Pre-touch: Disabled
 Parallel Workers: 8
 Concurrent Workers: 2
 Concurrent Refinement Workers: 8
 Periodic GC: Disabled

Heap:
 garbage-first heap   total 86016K, used 34803K [0x0000000080000000, 0x0000000100000000)
  region size 1024K, 8 young (8192K), 2 survivors (2048K)
 Metaspace       used 43071K, committed 43520K, reserved 1114112K
  class space    used 5668K, committed 5888K, reserved 1048576K

Heap Regions: E=young(eden), S=young(survivor), O=old, HS=humongous(starts), HC=humongous(continues), CS=collection set, F=free, OA=open archive, CA=closed archive, TAMS=top-at-mark-start (previous, next)
|   0|0x0000000080000000, 0x0000000080100000, 0x0000000080100000|100%|HS|  |TAMS 0x0000000080100000, 0x0000000080000000| Complete 
|   1|0x0000000080100000, 0x0000000080200000, 0x0000000080200000|100%|HC|  |TAMS 0x0000000080200000, 0x0000000080100000| Complete 
|   2|0x0000000080200000, 0x0000000080300000, 0x0000000080300000|100%|HC|  |TAMS 0x0000000080300000, 0x0000000080200000| Complete 
|   3|0x0000000080300000, 0x0000000080400000, 0x0000000080400000|100%|HC|  |TAMS 0x0000000080400000, 0x0000000080300000| Complete 
|   4|0x0000000080400000, 0x0000000080500000, 0x0000000080500000|100%| O|  |TAMS 0x0000000080500000, 0x0000000080400000| Untracked 
|   5|0x0000000080500000, 0x0000000080600000, 0x0000000080600000|100%| O|  |TAMS 0x0000000080600000, 0x0000000080500000| Untracked 
|   6|0x0000000080600000, 0x0000000080700000, 0x0000000080700000|100%| O|  |TAMS 0x0000000080700000, 0x0000000080600000| Untracked 
|   7|0x0000000080700000, 0x0000000080800000, 0x0000000080800000|100%| O|  |TAMS 0x0000000080800000, 0x0000000080700000| Untracked 
|   8|0x0000000080800000, 0x0000000080900000, 0x0000000080900000|100%| O|  |TAMS 0x0000000080900000, 0x0000000080800000| Untracked 
|   9|0x0000000080900000, 0x0000000080a00000, 0x0000000080a00000|100%| O|  |TAMS 0x0000000080a00000, 0x0000000080900000| Untracked 
|  10|0x0000000080a00000, 0x0000000080a9e200, 0x0000000080b00000| 61%| O|  |TAMS 0x0000000080a9e200, 0x0000000080a00000| Untracked 
|  11|0x0000000080b00000, 0x0000000080c00000, 0x0000000080c00000|100%| O|  |TAMS 0x0000000080c00000, 0x0000000080b00000| Untracked 
|  12|0x0000000080c00000, 0x0000000080d00000, 0x0000000080d00000|100%| O|  |TAMS 0x0000000080d00000, 0x0000000080c00000| Untracked 
|  13|0x0000000080d00000, 0x0000000080e00000, 0x0000000080e00000|100%| O|  |TAMS 0x0000000080e00000, 0x0000000080d00000| Untracked 
|  14|0x0000000080e00000, 0x0000000080f00000, 0x0000000080f00000|100%| O|  |TAMS 0x0000000080f00000, 0x0000000080e00000| Untracked 
|  15|0x0000000080f00000, 0x0000000081000000, 0x0000000081000000|100%| O|  |TAMS 0x0000000081000000, 0x0000000080f00000| Untracked 
|  16|0x0000000081000000, 0x0000000081100000, 0x0000000081100000|100%| O|  |TAMS 0x0000000081100000, 0x0000000081000000| Untracked 
|  17|0x0000000081100000, 0x0000000081200000, 0x0000000081200000|100%| O|  |TAMS 0x0000000081200000, 0x0000000081100000| Untracked 
|  18|0x0000000081200000, 0x0000000081300000, 0x0000000081300000|100%| O|  |TAMS 0x0000000081300000, 0x0000000081200000| Untracked 
|  19|0x0000000081300000, 0x0000000081400000, 0x0000000081400000|100%| O|  |TAMS 0x0000000081400000, 0x0000000081300000| Untracked 
|  20|0x0000000081400000, 0x0000000081500000, 0x0000000081500000|100%| O|  |TAMS 0x00000000814a2200, 0x0000000081400000| Untracked 
|  21|0x0000000081500000, 0x0000000081600000, 0x0000000081600000|100%| O|  |TAMS 0x0000000081500000, 0x0000000081500000| Untracked 
|  22|0x0000000081600000, 0x0000000081700000, 0x0000000081700000|100%| O|  |TAMS 0x0000000081600000, 0x0000000081600000| Untracked 
|  23|0x0000000081700000, 0x0000000081800000, 0x0000000081800000|100%| O|  |TAMS 0x0000000081700000, 0x0000000081700000| Untracked 
|  24|0x0000000081800000, 0x0000000081800000, 0x0000000081900000|  0%| F|  |TAMS 0x0000000081800000, 0x0000000081800000| Untracked 
|  25|0x0000000081900000, 0x0000000081900000, 0x0000000081a00000|  0%| F|  |TAMS 0x0000000081900000, 0x0000000081900000| Untracked 
|  26|0x0000000081a00000, 0x0000000081b00000, 0x0000000081b00000|100%| O|  |TAMS 0x0000000081a00000, 0x0000000081a00000| Untracked 
|  27|0x0000000081b00000, 0x0000000081c00000, 0x0000000081c00000|100%| O|  |TAMS 0x0000000081b00000, 0x0000000081b00000| Untracked 
|  28|0x0000000081c00000, 0x0000000081d00000, 0x0000000081d00000|100%| O|  |TAMS 0x0000000081c00000, 0x0000000081c00000| Untracked 
|  29|0x0000000081d00000, 0x0000000081dd9e00, 0x0000000081e00000| 85%| O|  |TAMS 0x0000000081d00000, 0x0000000081d00000| Untracked 
|  30|0x0000000081e00000, 0x0000000081e00000, 0x0000000081f00000|  0%| F|  |TAMS 0x0000000081e00000, 0x0000000081e00000| Untracked 
|  31|0x0000000081f00000, 0x0000000081f00000, 0x0000000082000000|  0%| F|  |TAMS 0x0000000081f00000, 0x0000000081f00000| Untracked 
|  32|0x0000000082000000, 0x0000000082000000, 0x0000000082100000|  0%| F|  |TAMS 0x0000000082000000, 0x0000000082000000| Untracked 
|  33|0x0000000082100000, 0x0000000082100000, 0x0000000082200000|  0%| F|  |TAMS 0x0000000082100000, 0x0000000082100000| Untracked 
|  34|0x0000000082200000, 0x0000000082200000, 0x0000000082300000|  0%| F|  |TAMS 0x0000000082200000, 0x0000000082200000| Untracked 
|  35|0x0000000082300000, 0x0000000082300000, 0x0000000082400000|  0%| F|  |TAMS 0x0000000082300000, 0x0000000082300000| Untracked 
|  36|0x0000000082400000, 0x0000000082400000, 0x0000000082500000|  0%| F|  |TAMS 0x0000000082400000, 0x0000000082400000| Untracked 
|  37|0x0000000082500000, 0x0000000082500000, 0x0000000082600000|  0%| F|  |TAMS 0x0000000082500000, 0x0000000082500000| Untracked 
|  38|0x0000000082600000, 0x0000000082600000, 0x0000000082700000|  0%| F|  |TAMS 0x0000000082600000, 0x0000000082600000| Untracked 
|  39|0x0000000082700000, 0x0000000082700000, 0x0000000082800000|  0%| F|  |TAMS 0x0000000082700000, 0x0000000082700000| Untracked 
|  40|0x0000000082800000, 0x0000000082800000, 0x0000000082900000|  0%| F|  |TAMS 0x0000000082800000, 0x0000000082800000| Untracked 
|  41|0x0000000082900000, 0x0000000082900000, 0x0000000082a00000|  0%| F|  |TAMS 0x0000000082900000, 0x0000000082900000| Untracked 
|  42|0x0000000082a00000, 0x0000000082a84cc0, 0x0000000082b00000| 51%| S|CS|TAMS 0x0000000082a00000, 0x0000000082a00000| Complete 
|  43|0x0000000082b00000, 0x0000000082c00000, 0x0000000082c00000|100%| S|CS|TAMS 0x0000000082b00000, 0x0000000082b00000| Complete 
|  44|0x0000000082c00000, 0x0000000082c00000, 0x0000000082d00000|  0%| F|  |TAMS 0x0000000082c00000, 0x0000000082c00000| Untracked 
|  45|0x0000000082d00000, 0x0000000082d00000, 0x0000000082e00000|  0%| F|  |TAMS 0x0000000082d00000, 0x0000000082d00000| Untracked 
|  46|0x0000000082e00000, 0x0000000082e00000, 0x0000000082f00000|  0%| F|  |TAMS 0x0000000082e00000, 0x0000000082e00000| Untracked 
|  47|0x0000000082f00000, 0x0000000082f00000, 0x0000000083000000|  0%| F|  |TAMS 0x0000000082f00000, 0x0000000082f00000| Untracked 
|  48|0x0000000083000000, 0x0000000083000000, 0x0000000083100000|  0%| F|  |TAMS 0x0000000083000000, 0x0000000083000000| Untracked 
|  49|0x0000000083100000, 0x0000000083100000, 0x0000000083200000|  0%| F|  |TAMS 0x0000000083100000, 0x0000000083100000| Untracked 
|  50|0x0000000083200000, 0x0000000083200000, 0x0000000083300000|  0%| F|  |TAMS 0x0000000083200000, 0x0000000083200000| Untracked 
|  51|0x0000000083300000, 0x0000000083300000, 0x0000000083400000|  0%| F|  |TAMS 0x0000000083300000, 0x0000000083300000| Untracked 
|  52|0x0000000083400000, 0x0000000083400000, 0x0000000083500000|  0%| F|  |TAMS 0x0000000083400000, 0x0000000083400000| Untracked 
|  53|0x0000000083500000, 0x0000000083500000, 0x0000000083600000|  0%| F|  |TAMS 0x0000000083500000, 0x0000000083500000| Untracked 
|  54|0x0000000083600000, 0x0000000083600000, 0x0000000083700000|  0%| F|  |TAMS 0x0000000083600000, 0x0000000083600000| Untracked 
|  55|0x0000000083700000, 0x0000000083700000, 0x0000000083800000|  0%| F|  |TAMS 0x0000000083700000, 0x0000000083700000| Untracked 
|  56|0x0000000083800000, 0x0000000083800000, 0x0000000083900000|  0%| F|  |TAMS 0x0000000083800000, 0x0000000083800000| Untracked 
|  57|0x0000000083900000, 0x0000000083900000, 0x0000000083a00000|  0%| F|  |TAMS 0x0000000083900000, 0x0000000083900000| Untracked 
|  58|0x0000000083a00000, 0x0000000083a00000, 0x0000000083b00000|  0%| F|  |TAMS 0x0000000083a00000, 0x0000000083a00000| Untracked 
|  59|0x0000000083b00000, 0x0000000083b00000, 0x0000000083c00000|  0%| F|  |TAMS 0x0000000083b00000, 0x0000000083b00000| Untracked 
|  60|0x0000000083c00000, 0x0000000083c00000, 0x0000000083d00000|  0%| F|  |TAMS 0x0000000083c00000, 0x0000000083c00000| Untracked 
|  61|0x0000000083d00000, 0x0000000083d00000, 0x0000000083e00000|  0%| F|  |TAMS 0x0000000083d00000, 0x0000000083d00000| Untracked 
|  62|0x0000000083e00000, 0x0000000083e00000, 0x0000000083f00000|  0%| F|  |TAMS 0x0000000083e00000, 0x0000000083e00000| Untracked 
|  63|0x0000000083f00000, 0x0000000083f00000, 0x0000000084000000|  0%| F|  |TAMS 0x0000000083f00000, 0x0000000083f00000| Untracked 
|  64|0x0000000084000000, 0x0000000084000000, 0x0000000084100000|  0%| F|  |TAMS 0x0000000084000000, 0x0000000084000000| Untracked 
|  65|0x0000000084100000, 0x0000000084100000, 0x0000000084200000|  0%| F|  |TAMS 0x0000000084100000, 0x0000000084100000| Untracked 
|  66|0x0000000084200000, 0x0000000084200000, 0x0000000084300000|  0%| F|  |TAMS 0x0000000084200000, 0x0000000084200000| Untracked 
|  67|0x0000000084300000, 0x0000000084300000, 0x0000000084400000|  0%| F|  |TAMS 0x0000000084300000, 0x0000000084300000| Untracked 
|  68|0x0000000084400000, 0x0000000084400000, 0x0000000084500000|  0%| F|  |TAMS 0x0000000084400000, 0x0000000084400000| Untracked 
|  69|0x0000000084500000, 0x0000000084500000, 0x0000000084600000|  0%| F|  |TAMS 0x0000000084500000, 0x0000000084500000| Untracked 
|  70|0x0000000084600000, 0x0000000084600000, 0x0000000084700000|  0%| F|  |TAMS 0x0000000084600000, 0x0000000084600000| Untracked 
|  71|0x0000000084700000, 0x0000000084700000, 0x0000000084800000|  0%| F|  |TAMS 0x0000000084700000, 0x0000000084700000| Untracked 
|  72|0x0000000084800000, 0x0000000084800000, 0x0000000084900000|  0%| F|  |TAMS 0x0000000084800000, 0x0000000084800000| Untracked 
|  73|0x0000000084900000, 0x0000000084900000, 0x0000000084a00000|  0%| F|  |TAMS 0x0000000084900000, 0x0000000084900000| Untracked 
| 135|0x0000000088700000, 0x0000000088700000, 0x0000000088800000|  0%| F|  |TAMS 0x0000000088700000, 0x0000000088700000| Untracked 
| 136|0x0000000088800000, 0x0000000088800000, 0x0000000088900000|  0%| F|  |TAMS 0x0000000088800000, 0x0000000088800000| Untracked 
| 137|0x0000000088900000, 0x0000000088900000, 0x0000000088a00000|  0%| F|  |TAMS 0x0000000088900000, 0x0000000088900000| Untracked 
| 138|0x0000000088a00000, 0x0000000088a00000, 0x0000000088b00000|  0%| F|  |TAMS 0x0000000088a00000, 0x0000000088a00000| Untracked 
| 139|0x0000000088b00000, 0x0000000088c00000, 0x0000000088c00000|100%| E|  |TAMS 0x0000000088b00000, 0x0000000088b00000| Complete 
| 140|0x0000000088c00000, 0x0000000088d00000, 0x0000000088d00000|100%| E|CS|TAMS 0x0000000088c00000, 0x0000000088c00000| Complete 
| 141|0x0000000088d00000, 0x0000000088e00000, 0x0000000088e00000|100%| E|CS|TAMS 0x0000000088d00000, 0x0000000088d00000| Complete 
| 142|0x0000000088e00000, 0x0000000088f00000, 0x0000000088f00000|100%| E|CS|TAMS 0x0000000088e00000, 0x0000000088e00000| Complete 
| 143|0x0000000088f00000, 0x0000000089000000, 0x0000000089000000|100%| E|CS|TAMS 0x0000000088f00000, 0x0000000088f00000| Complete 
| 191|0x000000008bf00000, 0x000000008c000000, 0x000000008c000000|100%| E|CS|TAMS 0x000000008bf00000, 0x000000008bf00000| Complete 

Card table byte_map: [0x0000025e798d0000,0x0000025e79cd0000] _byte_map_base: 0x0000025e794d0000

Marking Bits (Prev, Next): (CMBitMap*) 0x0000025e75d25aa0, (CMBitMap*) 0x0000025e75d25ae0
 Prev Bits: [0x0000025e7a0d0000, 0x0000025e7c0d0000)
 Next Bits: [0x0000025e7c0d0000, 0x0000025e7e0d0000)

Polling page: 0x0000025e75490000

Metaspace:

Usage:
  Non-class:     36.54 MB used.
      Class:      5.54 MB used.
       Both:     42.08 MB used.

Virtual space:
  Non-class space:       64.00 MB reserved,      36.75 MB ( 57%) committed,  1 nodes.
      Class space:        1.00 GB reserved,       5.75 MB ( <1%) committed,  1 nodes.
             Both:        1.06 GB reserved,      42.50 MB (  4%) committed. 

Chunk freelists:
   Non-Class:  10.72 MB
       Class:  10.28 MB
        Both:  21.00 MB

MaxMetaspaceSize: unlimited
CompressedClassSpaceSize: 1.00 GB
Initial GC threshold: 21.00 MB
Current GC threshold: 58.69 MB
CDS: off
MetaspaceReclaimPolicy: balanced
 - commit_granule_bytes: 65536.
 - commit_granule_words: 8192.
 - virtual_space_node_default_size: 8388608.
 - enlarge_chunks_in_place: 1.
 - new_chunks_are_fully_committed: 0.
 - uncommit_free_chunks: 1.
 - use_allocation_guard: 0.
 - handle_deallocations: 1.


Internal statistics:

num_allocs_failed_limit: 6.
num_arena_births: 430.
num_arena_deaths: 0.
num_vsnodes_births: 2.
num_vsnodes_deaths: 0.
num_space_committed: 680.
num_space_uncommitted: 0.
num_chunks_returned_to_freelist: 6.
num_chunks_taken_from_freelist: 1634.
num_chunk_merges: 6.
num_chunk_splits: 1106.
num_chunks_enlarged: 784.
num_inconsistent_stats: 0.

CodeHeap 'non-profiled nmethods': size=120000Kb used=2165Kb max_used=2165Kb free=117834Kb
 bounds [0x0000025e07ad0000, 0x0000025e07d40000, 0x0000025e0f000000]
CodeHeap 'profiled nmethods': size=120000Kb used=7816Kb max_used=7816Kb free=112183Kb
 bounds [0x0000025e00000000, 0x0000025e007b0000, 0x0000025e07530000]
CodeHeap 'non-nmethods': size=5760Kb used=1596Kb max_used=1633Kb free=4163Kb
 bounds [0x0000025e07530000, 0x0000025e077a0000, 0x0000025e07ad0000]
 total_blobs=4530 nmethods=3869 adapters=574
 compilation: enabled
              stopped_count=0, restarted_count=0
 full_count=0

Compilation events (20 events):
Event: 8.840 Thread 0x0000025e7ece1e50 3778       3       java.lang.Long::valueOf (40 bytes)
Event: 8.840 Thread 0x0000025e7ece1e50 nmethod 3778 0x0000025e00772010 code [0x0000025e007721c0, 0x0000025e00772518]
Event: 8.843 Thread 0x0000025e7ece1e50 3781       3       org.gradle.internal.snapshot.PathUtil::isFileSeparator (20 bytes)
Event: 8.844 Thread 0x0000025e7ece1e50 nmethod 3781 0x0000025e00772690 code [0x0000025e00772820, 0x0000025e00772998]
Event: 8.851 Thread 0x0000025e7ece1e50 3783       3       java.util.Optional::isPresent (13 bytes)
Event: 8.851 Thread 0x0000025e7ece1e50 nmethod 3783 0x0000025e00772a10 code [0x0000025e00772ba0, 0x0000025e00772d18]
Event: 8.857 Thread 0x0000025e7ece1e50 3784       3       java.util.concurrent.atomic.AtomicReferenceArray::length (6 bytes)
Event: 8.857 Thread 0x0000025e7ece1e50 nmethod 3784 0x0000025e00772d90 code [0x0000025e00772f20, 0x0000025e00773038]
Event: 8.861 Thread 0x0000025e7ece1e50 3785       3       com.google.common.io.CountingInputStream::read (25 bytes)
Event: 8.861 Thread 0x0000025e7ece1e50 nmethod 3785 0x0000025e00773110 code [0x0000025e007732c0, 0x0000025e007734e8]
Event: 8.871 Thread 0x0000025e7ece1e50 3788       3       java.util.ArrayList::<init> (63 bytes)
Event: 8.872 Thread 0x0000025e7ece1e50 nmethod 3788 0x0000025e00773610 code [0x0000025e00773800, 0x0000025e00773d78]
Event: 8.873 Thread 0x0000025e171e1250 3776       4       java.io.DataInputStream::readFully (59 bytes)
Event: 8.873 Thread 0x0000025e7ece1e50 3789       3       org.gradle.internal.snapshot.PathUtil::compareCharsIgnoringCase (46 bytes)
Event: 8.874 Thread 0x0000025e7ece1e50 nmethod 3789 0x0000025e00773f10 code [0x0000025e007740e0, 0x0000025e00774628]
Event: 8.875 Thread 0x0000025e7ece1e50 3790       3       org.gradle.internal.snapshot.VfsRelativePath::computeCombinedCompare (20 bytes)
Event: 8.875 Thread 0x0000025e7ece1e50 nmethod 3790 0x0000025e00774710 code [0x0000025e007748c0, 0x0000025e00774ac8]
Event: 8.876 Thread 0x0000025e171e1250 nmethod 3776 0x0000025e07ce3e10 code [0x0000025e07ce3fa0, 0x0000025e07ce4118]
Event: 8.876 Thread 0x0000025e171e1250 3779  s    4       java.io.BufferedInputStream::read (113 bytes)
Event: 8.879 Thread 0x0000025e7ece1e50 3791       3       org.gradle.internal.snapshot.VfsRelativePath::isPrefix (110 bytes)

GC Heap History (18 events):
Event: 1.384 GC heap before
{Heap before GC invocations=0 (full 0):
 garbage-first heap   total 196608K, used 26624K [0x0000000080000000, 0x0000000100000000)
  region size 1024K, 23 young (23552K), 0 survivors (0K)
 Metaspace       used 10461K, committed 10624K, reserved 1114112K
  class space    used 1087K, committed 1152K, reserved 1048576K
}
Event: 1.397 GC heap after
{Heap after GC invocations=1 (full 0):
 garbage-first heap   total 196608K, used 10575K [0x0000000080000000, 0x0000000100000000)
  region size 1024K, 3 young (3072K), 3 survivors (3072K)
 Metaspace       used 10461K, committed 10624K, reserved 1114112K
  class space    used 1087K, committed 1152K, reserved 1048576K
}
Event: 2.255 GC heap before
{Heap before GC invocations=1 (full 0):
 garbage-first heap   total 196608K, used 38223K [0x0000000080000000, 0x0000000100000000)
  region size 1024K, 30 young (30720K), 3 survivors (3072K)
 Metaspace       used 11472K, committed 11648K, reserved 1114112K
  class space    used 1197K, committed 1280K, reserved 1048576K
}
Event: 2.264 GC heap after
{Heap after GC invocations=2 (full 0):
 garbage-first heap   total 196608K, used 12150K [0x0000000080000000, 0x0000000100000000)
  region size 1024K, 2 young (2048K), 2 survivors (2048K)
 Metaspace       used 11472K, committed 11648K, reserved 1114112K
  class space    used 1197K, committed 1280K, reserved 1048576K
}
Event: 4.022 GC heap before
{Heap before GC invocations=2 (full 0):
 garbage-first heap   total 196608K, used 58230K [0x0000000080000000, 0x0000000100000000)
  region size 1024K, 48 young (49152K), 2 survivors (2048K)
 Metaspace       used 21275K, committed 21504K, reserved 1114112K
  class space    used 2512K, committed 2624K, reserved 1048576K
}
Event: 4.036 GC heap after
{Heap after GC invocations=3 (full 0):
 garbage-first heap   total 196608K, used 19108K [0x0000000080000000, 0x0000000100000000)
  region size 1024K, 9 young (9216K), 9 survivors (9216K)
 Metaspace       used 21275K, committed 21504K, reserved 1114112K
  class space    used 2512K, committed 2624K, reserved 1048576K
}
Event: 5.232 GC heap before
{Heap before GC invocations=4 (full 0):
 garbage-first heap   total 71680K, used 51876K [0x0000000080000000, 0x0000000100000000)
  region size 1024K, 42 young (43008K), 9 survivors (9216K)
 Metaspace       used 26180K, committed 26496K, reserved 1114112K
  class space    used 3386K, committed 3520K, reserved 1048576K
}
Event: 5.245 GC heap after
{Heap after GC invocations=5 (full 0):
 garbage-first heap   total 71680K, used 21187K [0x0000000080000000, 0x0000000100000000)
  region size 1024K, 3 young (3072K), 3 survivors (3072K)
 Metaspace       used 26180K, committed 26496K, reserved 1114112K
  class space    used 3386K, committed 3520K, reserved 1048576K
}
Event: 6.034 GC heap before
{Heap before GC invocations=5 (full 0):
 garbage-first heap   total 71680K, used 48835K [0x0000000080000000, 0x0000000100000000)
  region size 1024K, 31 young (31744K), 3 survivors (3072K)
 Metaspace       used 30220K, committed 30528K, reserved 1114112K
  class space    used 4035K, committed 4160K, reserved 1048576K
}
Event: 6.040 GC heap after
{Heap after GC invocations=6 (full 0):
 garbage-first heap   total 71680K, used 22388K [0x0000000080000000, 0x0000000100000000)
  region size 1024K, 4 young (4096K), 4 survivors (4096K)
 Metaspace       used 30220K, committed 30528K, reserved 1114112K
  class space    used 4035K, committed 4160K, reserved 1048576K
}
Event: 6.702 GC heap before
{Heap before GC invocations=6 (full 0):
 garbage-first heap   total 71680K, used 52084K [0x0000000080000000, 0x0000000100000000)
  region size 1024K, 33 young (33792K), 4 survivors (4096K)
 Metaspace       used 34125K, committed 34432K, reserved 1114112K
  class space    used 4658K, committed 4800K, reserved 1048576K
}
Event: 6.710 GC heap after
{Heap after GC invocations=7 (full 0):
 garbage-first heap   total 71680K, used 23726K [0x0000000080000000, 0x0000000100000000)
  region size 1024K, 3 young (3072K), 3 survivors (3072K)
 Metaspace       used 34125K, committed 34432K, reserved 1114112K
  class space    used 4658K, committed 4800K, reserved 1048576K
}
Event: 6.975 GC heap before
{Heap before GC invocations=7 (full 0):
 garbage-first heap   total 71680K, used 30894K [0x0000000080000000, 0x0000000100000000)
  region size 1024K, 12 young (12288K), 3 survivors (3072K)
 Metaspace       used 35596K, committed 35968K, reserved 1114112K
  class space    used 4868K, committed 4992K, reserved 1048576K
}
Event: 6.981 GC heap after
{Heap after GC invocations=8 (full 0):
 garbage-first heap   total 71680K, used 24532K [0x0000000080000000, 0x0000000100000000)
  region size 1024K, 3 young (3072K), 3 survivors (3072K)
 Metaspace       used 35596K, committed 35968K, reserved 1114112K
  class space    used 4868K, committed 4992K, reserved 1048576K
}
Event: 7.951 GC heap before
{Heap before GC invocations=9 (full 0):
 garbage-first heap   total 71680K, used 53204K [0x0000000080000000, 0x0000000100000000)
  region size 1024K, 32 young (32768K), 3 survivors (3072K)
 Metaspace       used 40266K, committed 40576K, reserved 1114112K
  class space    used 5324K, committed 5440K, reserved 1048576K
}
Event: 7.961 GC heap after
{Heap after GC invocations=10 (full 0):
 garbage-first heap   total 71680K, used 28171K [0x0000000080000000, 0x0000000100000000)
  region size 1024K, 4 young (4096K), 4 survivors (4096K)
 Metaspace       used 40266K, committed 40576K, reserved 1114112K
  class space    used 5324K, committed 5440K, reserved 1048576K
}
Event: 8.712 GC heap before
{Heap before GC invocations=10 (full 0):
 garbage-first heap   total 71680K, used 55819K [0x0000000080000000, 0x0000000100000000)
  region size 1024K, 30 young (30720K), 4 survivors (4096K)
 Metaspace       used 42299K, committed 42752K, reserved 1114112K
  class space    used 5532K, committed 5760K, reserved 1048576K
}
Event: 8.720 GC heap after
{Heap after GC invocations=11 (full 0):
 garbage-first heap   total 86016K, used 29683K [0x0000000080000000, 0x0000000100000000)
  region size 1024K, 2 young (2048K), 2 survivors (2048K)
 Metaspace       used 42299K, committed 42752K, reserved 1114112K
  class space    used 5532K, committed 5760K, reserved 1048576K
}

Dll operation events (3 events):
Event: 0.025 Loaded shared library C:\Users\Junior\AppData\Local\Programs\Android Studio\jbr\bin\java.dll
Event: 0.264 Loaded shared library C:\Users\Junior\AppData\Local\Programs\Android Studio\jbr\bin\zip.dll
Event: 0.791 Loaded shared library C:\Users\Junior\AppData\Local\Programs\Android Studio\jbr\bin\verify.dll

Deoptimization events (20 events):
Event: 8.596 Thread 0x0000025e15bce110 DEOPT PACKING pc=0x0000025e00394c08 sp=0x000000c2f1ff9880
Event: 8.596 Thread 0x0000025e15bce110 DEOPT UNPACKING pc=0x0000025e07587143 sp=0x000000c2f1ff8d88 mode 0
Event: 8.597 Thread 0x0000025e15bce110 DEOPT PACKING pc=0x0000025e00394c08 sp=0x000000c2f1ff9880
Event: 8.598 Thread 0x0000025e15bce110 DEOPT UNPACKING pc=0x0000025e07587143 sp=0x000000c2f1ff8d88 mode 0
Event: 8.598 Thread 0x0000025e15bce110 DEOPT PACKING pc=0x0000025e00394c08 sp=0x000000c2f1ff96b0
Event: 8.598 Thread 0x0000025e15bce110 DEOPT UNPACKING pc=0x0000025e07587143 sp=0x000000c2f1ff8bb8 mode 0
Event: 8.599 Thread 0x0000025e15bce110 DEOPT PACKING pc=0x0000025e00394c08 sp=0x000000c2f1ff96b0
Event: 8.599 Thread 0x0000025e15bce110 DEOPT UNPACKING pc=0x0000025e07587143 sp=0x000000c2f1ff8bb8 mode 0
Event: 8.825 Thread 0x0000025e166b66f0 Uncommon trap: trap_request=0xffffffbe fr.pc=0x0000025e07cb997c relative=0x000000000000073c
Event: 8.825 Thread 0x0000025e166b66f0 Uncommon trap: reason=profile_predicate action=maybe_recompile pc=0x0000025e07cb997c method=java.util.stream.ReferencePipeline.forEachWithCancel(Ljava/util/Spliterator;Ljava/util/stream/Sink;)Z @ 8 c2
Event: 8.825 Thread 0x0000025e166b66f0 DEOPT PACKING pc=0x0000025e07cb997c sp=0x000000c2f1bfea30
Event: 8.825 Thread 0x0000025e166b66f0 DEOPT UNPACKING pc=0x0000025e075869a3 sp=0x000000c2f1bfe898 mode 2
Event: 8.831 Thread 0x0000025e15bce110 Uncommon trap: trap_request=0xffffffc6 fr.pc=0x0000025e07cb9a50 relative=0x0000000000000810
Event: 8.832 Thread 0x0000025e15bce110 Uncommon trap: reason=bimorphic_or_optimized_type_check action=maybe_recompile pc=0x0000025e07cb9a50 method=java.util.stream.ReferencePipeline.forEachWithCancel(Ljava/util/Spliterator;Ljava/util/stream/Sink;)Z @ 1 c2
Event: 8.832 Thread 0x0000025e15bce110 DEOPT PACKING pc=0x0000025e07cb9a50 sp=0x000000c2f1ff84b0
Event: 8.832 Thread 0x0000025e15bce110 DEOPT UNPACKING pc=0x0000025e075869a3 sp=0x000000c2f1ff8300 mode 2
Event: 8.838 Thread 0x0000025e15bce110 Uncommon trap: trap_request=0xffffffc6 fr.pc=0x0000025e07cb9a50 relative=0x0000000000000810
Event: 8.838 Thread 0x0000025e15bce110 Uncommon trap: reason=bimorphic_or_optimized_type_check action=maybe_recompile pc=0x0000025e07cb9a50 method=java.util.stream.ReferencePipeline.forEachWithCancel(Ljava/util/Spliterator;Ljava/util/stream/Sink;)Z @ 1 c2
Event: 8.838 Thread 0x0000025e15bce110 DEOPT PACKING pc=0x0000025e07cb9a50 sp=0x000000c2f1ff8130
Event: 8.838 Thread 0x0000025e15bce110 DEOPT UNPACKING pc=0x0000025e075869a3 sp=0x000000c2f1ff7f80 mode 2

Classes unloaded (0 events):
No events

Classes redefined (0 events):
No events

Internal exceptions (20 events):
Event: 8.126 Thread 0x0000025e15bce110 Exception <a 'sun/nio/fs/WindowsException'{0x0000000088cd9200}> (0x0000000088cd9200) 
thrown [s\src\hotspot\share\prims\jni.cpp, line 517]
Event: 8.128 Thread 0x0000025e15bce110 Exception <a 'sun/nio/fs/WindowsException'{0x0000000088cda7a8}> (0x0000000088cda7a8) 
thrown [s\src\hotspot\share\prims\jni.cpp, line 517]
Event: 8.182 Thread 0x0000025e15bce110 Exception <a 'java/lang/NoSuchMethodError'{0x0000000088be8e68}: 'java.lang.Object java.lang.invoke.Invokers$Holder.invoker(java.lang.Object, java.lang.Object, java.lang.Object, java.lang.Object, java.lang.Object, java.lang.Object, java.lang.Object, java.lang.Object, java.lang.Object)'> (0x0000000088be8e68) 
thrown [s\src\hotspot\share\interpreter\linkResolver.cpp, line 771]
Event: 8.214 Thread 0x0000025e15bce110 Exception <a 'java/lang/NoSuchMethodError'{0x0000000088a9ab88}: 'java.lang.Object java.lang.invoke.Invokers$Holder.invoker(java.lang.Object, java.lang.Object, java.lang.Object, java.lang.Object)'> (0x0000000088a9ab88) 
thrown [s\src\hotspot\share\interpreter\linkResolver.cpp, line 771]
Event: 8.256 Thread 0x0000025e15bce110 Exception <a 'java/lang/NoSuchMethodError'{0x0000000088947fd0}: 'java.lang.Object java.lang.invoke.DelegatingMethodHandle$Holder.reinvoke_L(java.lang.Object, java.lang.Object, java.lang.Object, java.lang.Object, java.lang.Object, java.lang.Object, java.lang.Object, java.lang.Object, java.lang.Object, java.lang.Object, java.lang.Object, java.lang.Object, java.lang.Object, java.lang.Object, java.lang.Object, java.lang.Object, java.lang.Object, java.lang.Object, java.lang.Object, java.lang.Object, java.lang.O
Event: 8.257 Thread 0x0000025e15bce110 Exception <a 'java/lang/NoSuchMethodError'{0x00000000889534e8}: 'java.lang.Object java.lang.invoke.Invokers$Holder.invoker(java.lang.Object, java.lang.Object, java.lang.Object, java.lang.Object, java.lang.Object, java.lang.Object, java.lang.Object, java.lang.Object, java.lang.Object, java.lang.Object, java.lang.Object, java.lang.Object, java.lang.Object, java.lang.Object, java.lang.Object, java.lang.Object, java.lang.Object, java.lang.Object, java.lang.Object, java.lang.Object, java.lang.Object, java.lang.
Event: 8.257 Thread 0x0000025e15bce110 Exception <a 'java/lang/NoSuchMethodError'{0x000000008895a0f0}: 'java.lang.Object java.lang.invoke.DelegatingMethodHandle$Holder.delegate(java.lang.Object, java.lang.Object, java.lang.Object, java.lang.Object, java.lang.Object, java.lang.Object, java.lang.Object, java.lang.Object, java.lang.Object, java.lang.Object, java.lang.Object, java.lang.Object, java.lang.Object, java.lang.Object, java.lang.Object, java.lang.Object, java.lang.Object, java.lang.Object, java.lang.Object, java.lang.Object, java.lang.Obj
Event: 8.275 Thread 0x0000025e15bce110 Exception <a 'java/lang/NoSuchMethodError'{0x00000000889e9f60}: 'java.lang.Object java.lang.invoke.DirectMethodHandle$Holder.invokeStatic(java.lang.Object, java.lang.Object, java.lang.Object, java.lang.Object, java.lang.Object, java.lang.Object, java.lang.Object, java.lang.Object, java.lang.Object, java.lang.Object, java.lang.Object, java.lang.Object, java.lang.Object, java.lang.Object, java.lang.Object, java.lang.Object, java.lang.Object)'> (0x00000000889e9f60) 
thrown [s\src\hotspot\share\interpreter\lin
Event: 8.283 Thread 0x0000025e15bce110 Exception <a 'java/lang/NoSuchMethodError'{0x00000000888134c0}: 'java.lang.Object java.lang.invoke.DirectMethodHandle$Holder.invokeStatic(java.lang.Object, java.lang.Object, java.lang.Object, java.lang.Object, java.lang.Object, java.lang.Object, java.lang.Object, java.lang.Object, java.lang.Object, java.lang.Object, java.lang.Object, java.lang.Object, java.lang.Object, java.lang.Object, java.lang.Object, java.lang.Object, java.lang.Object, java.lang.Object)'> (0x00000000888134c0) 
thrown [s\src\hotspot\sha
Event: 8.288 Thread 0x0000025e15bce110 Exception <a 'java/lang/NoSuchMethodError'{0x000000008883d6f8}: 'java.lang.Object java.lang.invoke.DirectMethodHandle$Holder.invokeStatic(java.lang.Object, java.lang.Object, java.lang.Object, java.lang.Object, java.lang.Object, java.lang.Object, java.lang.Object, java.lang.Object, java.lang.Object, java.lang.Object, java.lang.Object, java.lang.Object, java.lang.Object, java.lang.Object, java.lang.Object, java.lang.Object, java.lang.Object, java.lang.Object, java.lang.Object)'> (0x000000008883d6f8) 
thrown 
Event: 8.296 Thread 0x0000025e15bce110 Exception <a 'java/lang/NoSuchMethodError'{0x000000008886e5f0}: 'java.lang.Object java.lang.invoke.DirectMethodHandle$Holder.invokeStatic(java.lang.Object, java.lang.Object, java.lang.Object, java.lang.Object, java.lang.Object, java.lang.Object, java.lang.Object, java.lang.Object, java.lang.Object, java.lang.Object, java.lang.Object, java.lang.Object, java.lang.Object, java.lang.Object, java.lang.Object, java.lang.Object, java.lang.Object, java.lang.Object, java.lang.Object, java.lang.Object)'> (0x00000000
Event: 8.301 Thread 0x0000025e15bce110 Exception <a 'java/lang/NoSuchMethodError'{0x000000008889a8a8}: 'java.lang.Object java.lang.invoke.DirectMethodHandle$Holder.invokeStatic(java.lang.Object, java.lang.Object, java.lang.Object, java.lang.Object, java.lang.Object, java.lang.Object, java.lang.Object, java.lang.Object, java.lang.Object, java.lang.Object, java.lang.Object, java.lang.Object, java.lang.Object, java.lang.Object, java.lang.Object, java.lang.Object, java.lang.Object, java.lang.Object, java.lang.Object, java.lang.Object, java.lang.Obj
Event: 8.307 Thread 0x0000025e15bce110 Exception <a 'java/lang/NoSuchMethodError'{0x00000000888c7388}: 'java.lang.Object java.lang.invoke.DirectMethodHandle$Holder.invokeStatic(java.lang.Object, java.lang.Object, java.lang.Object, java.lang.Object, java.lang.Object, java.lang.Object, java.lang.Object, java.lang.Object, java.lang.Object, java.lang.Object, java.lang.Object, java.lang.Object, java.lang.Object, java.lang.Object, java.lang.Object, java.lang.Object, java.lang.Object, java.lang.Object, java.lang.Object, java.lang.Object, java.lang.Obj
Event: 8.310 Thread 0x0000025e15bce110 Exception <a 'java/lang/NoSuchMethodError'{0x00000000888fd048}: 'java.lang.Object java.lang.invoke.DirectMethodHandle$Holder.invokeStatic(java.lang.Object, java.lang.Object, java.lang.Object, java.lang.Object, java.lang.Object, java.lang.Object, java.lang.Object, java.lang.Object, java.lang.Object, java.lang.Object, java.lang.Object, java.lang.Object, java.lang.Object, java.lang.Object, java.lang.Object, java.lang.Object, java.lang.Object, java.lang.Object, java.lang.Object, java.lang.Object, java.lang.Obj
Event: 8.315 Thread 0x0000025e15bce110 Exception <a 'java/lang/NoSuchMethodError'{0x000000008872cdd0}: 'java.lang.Object java.lang.invoke.DirectMethodHandle$Holder.invokeStatic(java.lang.Object, java.lang.Object, java.lang.Object, java.lang.Object, java.lang.Object, java.lang.Object, java.lang.Object, java.lang.Object, java.lang.Object, java.lang.Object, java.lang.Object, java.lang.Object, java.lang.Object, java.lang.Object, java.lang.Object, java.lang.Object, java.lang.Object, java.lang.Object, java.lang.Object, java.lang.Object, java.lang.Obj
Event: 8.320 Thread 0x0000025e15bce110 Exception <a 'java/lang/NoSuchMethodError'{0x000000008875e188}: 'java.lang.Object java.lang.invoke.DirectMethodHandle$Holder.invokeStatic(java.lang.Object, java.lang.Object, java.lang.Object, java.lang.Object, java.lang.Object, java.lang.Object, java.lang.Object, java.lang.Object, java.lang.Object, java.lang.Object, java.lang.Object, java.lang.Object, java.lang.Object, java.lang.Object, java.lang.Object, java.lang.Object, java.lang.Object, java.lang.Object, java.lang.Object, java.lang.Object, java.lang.Obj
Event: 8.690 Thread 0x0000025e15bce110 Exception <a 'java/lang/IncompatibleClassChangeError'{0x0000000082c48c90}: Found class java.lang.Object, but interface was expected> (0x0000000082c48c90) 
thrown [s\src\hotspot\share\interpreter\linkResolver.cpp, line 838]
Event: 8.723 Thread 0x0000025e15bce110 Exception <a 'java/lang/NoSuchMethodError'{0x000000008bf022a8}: 'java.lang.Object java.lang.invoke.DirectMethodHandle$Holder.newInvokeSpecial(java.lang.Object, java.lang.Object, long)'> (0x000000008bf022a8) 
thrown [s\src\hotspot\share\interpreter\linkResolver.cpp, line 771]
Event: 8.724 Thread 0x0000025e15bce110 Exception <a 'java/lang/NoSuchMethodError'{0x000000008bf06b60}: 'java.lang.Object java.lang.invoke.Invokers$Holder.linkToTargetMethod(java.lang.Object, long, java.lang.Object)'> (0x000000008bf06b60) 
thrown [s\src\hotspot\share\interpreter\linkResolver.cpp, line 771]
Event: 8.817 Thread 0x0000025e15bce110 Exception <a 'java/lang/NoSuchMethodError'{0x0000000088fa2cf8}: 'int java.lang.invoke.DirectMethodHandle$Holder.invokeInterface(java.lang.Object, java.lang.Object)'> (0x0000000088fa2cf8) 
thrown [s\src\hotspot\share\interpreter\linkResolver.cpp, line 771]

VM Operations (20 events):
Event: 7.627 Executing VM operation: HandshakeAllThreads
Event: 7.627 Executing VM operation: HandshakeAllThreads done
Event: 7.628 Executing VM operation: HandshakeAllThreads
Event: 7.628 Executing VM operation: HandshakeAllThreads done
Event: 7.637 Executing VM operation: HandshakeAllThreads
Event: 7.637 Executing VM operation: HandshakeAllThreads done
Event: 7.645 Executing VM operation: HandshakeAllThreads
Event: 7.645 Executing VM operation: HandshakeAllThreads done
Event: 7.661 Executing VM operation: HandshakeAllThreads
Event: 7.661 Executing VM operation: HandshakeAllThreads done
Event: 7.811 Executing VM operation: HandshakeAllThreads
Event: 7.811 Executing VM operation: HandshakeAllThreads done
Event: 7.950 Executing VM operation: G1CollectForAllocation
Event: 7.961 Executing VM operation: G1CollectForAllocation done
Event: 8.693 Executing VM operation: HandshakeAllThreads
Event: 8.694 Executing VM operation: HandshakeAllThreads done
Event: 8.712 Executing VM operation: G1CollectForAllocation
Event: 8.721 Executing VM operation: G1CollectForAllocation done
Event: 8.763 Executing VM operation: HandshakeAllThreads
Event: 8.763 Executing VM operation: HandshakeAllThreads done

Events (20 events):
Event: 8.284 loading class java/lang/invoke/BoundMethodHandle$Species_LLLLLLLLLLLLLLLL
Event: 8.284 loading class java/lang/invoke/BoundMethodHandle$Species_LLLLLLLLLLLLLLLL done
Event: 8.290 loading class java/lang/invoke/BoundMethodHandle$Species_LLLLLLLLLLLLLLLLL
Event: 8.290 loading class java/lang/invoke/BoundMethodHandle$Species_LLLLLLLLLLLLLLLLL done
Event: 8.298 loading class java/lang/invoke/BoundMethodHandle$Species_LLLLLLLLLLLLLLLLLL
Event: 8.298 loading class java/lang/invoke/BoundMethodHandle$Species_LLLLLLLLLLLLLLLLLL done
Event: 8.304 loading class java/lang/invoke/BoundMethodHandle$Species_LLLLLLLLLLLLLLLLLLL
Event: 8.304 loading class java/lang/invoke/BoundMethodHandle$Species_LLLLLLLLLLLLLLLLLLL done
Event: 8.308 loading class java/lang/invoke/BoundMethodHandle$Species_LLLLLLLLLLLLLLLLLLLL
Event: 8.308 loading class java/lang/invoke/BoundMethodHandle$Species_LLLLLLLLLLLLLLLLLLLL done
Event: 8.312 loading class java/lang/invoke/BoundMethodHandle$Species_LLLLLLLLLLLLLLLLLLLLL
Event: 8.312 loading class java/lang/invoke/BoundMethodHandle$Species_LLLLLLLLLLLLLLLLLLLLL done
Event: 8.318 loading class java/lang/invoke/BoundMethodHandle$Species_LLLLLLLLLLLLLLLLLLLLLL
Event: 8.318 loading class java/lang/invoke/BoundMethodHandle$Species_LLLLLLLLLLLLLLLLLLLLLL done
Event: 8.355 loading class java/util/regex/Pattern$Pos
Event: 8.355 loading class java/util/regex/Pattern$Pos done
Event: 8.701 Thread 0x0000025e16c6c5c0 Thread exited: 0x0000025e16c6c5c0
Event: 8.783 loading class java/nio/charset/CharacterCodingException
Event: 8.783 loading class java/nio/charset/CharacterCodingException done
Event: 8.872 Thread 0x0000025e171e1250 Thread added: 0x0000025e171e1250


Dynamic libraries:
0x00007ff7d91b0000 - 0x00007ff7d91ba000 	C:\Users\Junior\AppData\Local\Programs\Android Studio\jbr\bin\java.exe
0x00007ff80adf0000 - 0x00007ff80afe8000 	C:\Windows\SYSTEM32\ntdll.dll
0x00007ff80ace0000 - 0x00007ff80ad9d000 	C:\Windows\System32\KERNEL32.DLL
0x00007ff808670000 - 0x00007ff808966000 	C:\Windows\System32\KERNELBASE.dll
0x00007ff808970000 - 0x00007ff808a70000 	C:\Windows\System32\ucrtbase.dll
0x00007fffe0520000 - 0x00007fffe053b000 	C:\Users\Junior\AppData\Local\Programs\Android Studio\jbr\bin\VCRUNTIME140.dll
0x00007fffad560000 - 0x00007fffad577000 	C:\Users\Junior\AppData\Local\Programs\Android Studio\jbr\bin\jli.dll
0x00007ff809190000 - 0x00007ff80932e000 	C:\Windows\System32\USER32.dll
0x00007ff808a70000 - 0x00007ff808a92000 	C:\Windows\System32\win32u.dll
0x00007ffff4850000 - 0x00007ffff4aea000 	C:\Windows\WinSxS\amd64_microsoft.windows.common-controls_6595b64144ccf1df_6.0.19041.1110_none_60b5254171f9507e\COMCTL32.dll
0x00007ff8094e0000 - 0x00007ff80950c000 	C:\Windows\System32\GDI32.dll
0x00007ff80ac40000 - 0x00007ff80acde000 	C:\Windows\System32\msvcrt.dll
0x00007ff808aa0000 - 0x00007ff808bba000 	C:\Windows\System32\gdi32full.dll
0x00007ff808db0000 - 0x00007ff808e4d000 	C:\Windows\System32\msvcp_win.dll
0x00007ff80a5f0000 - 0x00007ff80a620000 	C:\Windows\System32\IMM32.DLL
0x00007fffe0510000 - 0x00007fffe051c000 	C:\Users\Junior\AppData\Local\Programs\Android Studio\jbr\bin\vcruntime140_1.dll
0x00007fffacd30000 - 0x00007fffacdbd000 	C:\Users\Junior\AppData\Local\Programs\Android Studio\jbr\bin\msvcp140.dll
0x00007fffada30000 - 0x00007fffae6b3000 	C:\Users\Junior\AppData\Local\Programs\Android Studio\jbr\bin\server\jvm.dll
0x00007ff809720000 - 0x00007ff8097ce000 	C:\Windows\System32\ADVAPI32.dll
0x00007ff808fc0000 - 0x00007ff80905c000 	C:\Windows\System32\sechost.dll
0x00007ff8097d0000 - 0x00007ff8098f6000 	C:\Windows\System32\RPCRT4.dll
0x00007ff808330000 - 0x00007ff80837b000 	C:\Windows\SYSTEM32\POWRPROF.dll
0x00007ffffbae0000 - 0x00007ffffbb07000 	C:\Windows\SYSTEM32\WINMM.dll
0x00007ffffd530000 - 0x00007ffffd53a000 	C:\Windows\SYSTEM32\VERSION.dll
0x00007fffc4450000 - 0x00007fffc4459000 	C:\Windows\SYSTEM32\WSOCK32.dll
0x00007ff809390000 - 0x00007ff8093fb000 	C:\Windows\System32\WS2_32.dll
0x00007ff808310000 - 0x00007ff808322000 	C:\Windows\SYSTEM32\UMPDC.dll
0x00007ff806380000 - 0x00007ff806392000 	C:\Windows\SYSTEM32\kernel.appcore.dll
0x00007fffe0450000 - 0x00007fffe045a000 	C:\Users\Junior\AppData\Local\Programs\Android Studio\jbr\bin\jimage.dll
0x00007ffffa000000 - 0x00007ffffa1e4000 	C:\Windows\SYSTEM32\DBGHELP.DLL
0x00007ffff8d80000 - 0x00007ffff8db4000 	C:\Windows\SYSTEM32\dbgcore.DLL
0x00007ff808bc0000 - 0x00007ff808c42000 	C:\Windows\System32\bcryptPrimitives.dll
0x00007fffad580000 - 0x00007fffad58e000 	C:\Users\Junior\AppData\Local\Programs\Android Studio\jbr\bin\instrument.dll
0x00007fffe0050000 - 0x00007fffe0075000 	C:\Users\Junior\AppData\Local\Programs\Android Studio\jbr\bin\java.dll
0x00007fffdf9f0000 - 0x00007fffdfa08000 	C:\Users\Junior\AppData\Local\Programs\Android Studio\jbr\bin\zip.dll
0x00007ff809e40000 - 0x00007ff80a585000 	C:\Windows\System32\SHELL32.dll
0x00007ff806580000 - 0x00007ff806d1b000 	C:\Windows\SYSTEM32\windows.storage.dll
0x00007ff809ae0000 - 0x00007ff809e34000 	C:\Windows\System32\combase.dll
0x00007ff807e40000 - 0x00007ff807e6e000 	C:\Windows\SYSTEM32\Wldp.dll
0x00007ff8095f0000 - 0x00007ff80969d000 	C:\Windows\System32\SHCORE.dll
0x00007ff809330000 - 0x00007ff809385000 	C:\Windows\System32\shlwapi.dll
0x00007ff808400000 - 0x00007ff808425000 	C:\Windows\SYSTEM32\profapi.dll
0x00007fffe4330000 - 0x00007fffe4349000 	C:\Users\Junior\AppData\Local\Programs\Android Studio\jbr\bin\net.dll
0x00007ff8031e0000 - 0x00007ff8032ea000 	C:\Windows\SYSTEM32\WINHTTP.dll
0x00007ff807ba0000 - 0x00007ff807c0a000 	C:\Windows\system32\mswsock.dll
0x00007fffe4310000 - 0x00007fffe4326000 	C:\Users\Junior\AppData\Local\Programs\Android Studio\jbr\bin\nio.dll
0x00007ffff4b40000 - 0x00007ffff4b50000 	C:\Users\Junior\AppData\Local\Programs\Android Studio\jbr\bin\verify.dll
0x00007fffea7d0000 - 0x00007fffea7f7000 	C:\Users\Junior\.gradle\native\68d5fa5c4cc2d200863cafc0d521ce42e7d3e7ee720ec0a83991735586a16f82\windows-amd64\native-platform.dll
0x00007fffa3320000 - 0x00007fffa3464000 	C:\Users\Junior\.gradle\native\e376f236ea51e6404a007f0833ffe2c6e607c4080706a723a18a27aeea778392\windows-amd64\native-platform-file-events.dll
0x00007fffe42b0000 - 0x00007fffe42b9000 	C:\Users\Junior\AppData\Local\Programs\Android Studio\jbr\bin\management.dll
0x00007fffad700000 - 0x00007fffad70b000 	C:\Users\Junior\AppData\Local\Programs\Android Studio\jbr\bin\management_ext.dll
0x00007ff809060000 - 0x00007ff809068000 	C:\Windows\System32\PSAPI.DLL
0x00007ff807d90000 - 0x00007ff807da8000 	C:\Windows\SYSTEM32\CRYPTSP.dll
0x00007ff8074b0000 - 0x00007ff8074e4000 	C:\Windows\system32\rsaenh.dll
0x00007ff8084d0000 - 0x00007ff8084f7000 	C:\Windows\System32\bcrypt.dll
0x00007ff8083c0000 - 0x00007ff8083ee000 	C:\Windows\SYSTEM32\USERENV.dll
0x00007ff807db0000 - 0x00007ff807dbc000 	C:\Windows\SYSTEM32\CRYPTBASE.dll
0x00007ff807890000 - 0x00007ff8078cb000 	C:\Windows\SYSTEM32\IPHLPAPI.DLL
0x00007ff80ada0000 - 0x00007ff80ada8000 	C:\Windows\System32\NSI.dll
0x00007ff802e70000 - 0x00007ff802e87000 	C:\Windows\SYSTEM32\dhcpcsvc6.DLL
0x00007ff802e50000 - 0x00007ff802e6d000 	C:\Windows\SYSTEM32\dhcpcsvc.DLL
0x00007ff8078d0000 - 0x00007ff80799a000 	C:\Windows\SYSTEM32\DNSAPI.dll
0x00007fffe4300000 - 0x00007fffe4307000 	C:\Windows\system32\wshunix.dll

dbghelp: loaded successfully - version: 4.0.5 - missing functions: none
symbol engine: initialized successfully - sym options: 0x614 - pdb path: .;C:\Users\Junior\AppData\Local\Programs\Android Studio\jbr\bin;C:\Windows\SYSTEM32;C:\Windows\WinSxS\amd64_microsoft.windows.common-controls_6595b64144ccf1df_6.0.19041.1110_none_60b5254171f9507e;C:\Users\Junior\AppData\Local\Programs\Android Studio\jbr\bin\server;C:\Users\Junior\.gradle\native\68d5fa5c4cc2d200863cafc0d521ce42e7d3e7ee720ec0a83991735586a16f82\windows-amd64;C:\Users\Junior\.gradle\native\e376f236ea51e6404a007f0833ffe2c6e607c4080706a723a18a27aeea778392\windows-amd64

VM Arguments:
jvm_args: --add-opens=java.base/java.util=ALL-UNNAMED --add-opens=java.base/java.lang=ALL-UNNAMED --add-opens=java.base/java.lang.invoke=ALL-UNNAMED --add-opens=java.prefs/java.util.prefs=ALL-UNNAMED --add-opens=java.base/java.nio.charset=ALL-UNNAMED --add-opens=java.base/java.net=ALL-UNNAMED --add-opens=java.base/java.util.concurrent.atomic=ALL-UNNAMED -Xmx2048m -Dfile.encoding=UTF-8 -Duser.country=BR -Duser.language=pt -Duser.variant -javaagent:C:\Users\Junior\.gradle\wrapper\dists\gradle-8.3-rc-2-bin\b47gxn1x5vasshme93obqqrpm\gradle-8.3-rc-2\lib\agents\gradle-instrumentation-agent-8.3.jar 
java_command: org.gradle.launcher.daemon.bootstrap.GradleDaemon 8.3-rc-2
java_class_path (initial): C:\Users\Junior\.gradle\wrapper\dists\gradle-8.3-rc-2-bin\b47gxn1x5vasshme93obqqrpm\gradle-8.3-rc-2\lib\gradle-launcher-8.3.jar
Launcher Type: SUN_STANDARD

[Global flags]
     intx CICompilerCount                          = 4                                         {product} {ergonomic}
     uint ConcGCThreads                            = 2                                         {product} {ergonomic}
     uint G1ConcRefinementThreads                  = 8                                         {product} {ergonomic}
   size_t G1HeapRegionSize                         = 1048576                                   {product} {ergonomic}
    uintx GCDrainStackTargetSize                   = 64                                        {product} {ergonomic}
   size_t InitialHeapSize                          = 201326592                                 {product} {ergonomic}
   size_t MarkStackSize                            = 4194304                                   {product} {ergonomic}
   size_t MaxHeapSize                              = 2147483648                                {product} {command line}
   size_t MaxNewSize                               = 1287651328                                {product} {ergonomic}
   size_t MinHeapDeltaBytes                        = 1048576                                   {product} {ergonomic}
   size_t MinHeapSize                              = 8388608                                   {product} {ergonomic}
    uintx NonNMethodCodeHeapSize                   = 5839372                                {pd product} {ergonomic}
    uintx NonProfiledCodeHeapSize                  = 122909434                              {pd product} {ergonomic}
    uintx ProfiledCodeHeapSize                     = 122909434                              {pd product} {ergonomic}
    uintx ReservedCodeCacheSize                    = 251658240                              {pd product} {ergonomic}
     bool SegmentedCodeCache                       = true                                      {product} {ergonomic}
   size_t SoftMaxHeapSize                          = 2147483648                             {manageable} {ergonomic}
     bool UseCompressedClassPointers               = true                           {product lp64_product} {ergonomic}
     bool UseCompressedOops                        = true                           {product lp64_product} {ergonomic}
     bool UseG1GC                                  = true                                      {product} {ergonomic}
     bool UseLargePagesIndividualAllocation        = false                                  {pd product} {ergonomic}

Logging:
Log output configuration:
 #0: stdout all=warning uptime,level,tags
 #1: stderr all=off uptime,level,tags

Environment Variables:
PATH=C:\Program Files\Common Files\Oracle\Java\javapath;C:\Program Files (x86)\Common Files\Oracle\Java\javapath;C:\Windows\system32;C:\Windows;C:\Windows\System32\Wbem;C:\Windows\System32\WindowsPowerShell\v1.0\;C:\Windows\System32\OpenSSH\;C:\Program Files (x86)\ATI Technologies\ATI.ACE\Core-Static;C:\Program Files\Git\cmd;C:\Program Files\dotnet\;C:\Program Files\Java\jdk-11.0.1\bin;C:\Program Files\Java\jdk1.8.0_202\bin;;;C:\Users\Junior\AppData\Local\Microsoft\WindowsApps;C:\Users\Junior\AppData\Local\GitHubDesktop\bin;C:\Users\Junior\AppData\Local\Programs\Microsoft VS Code\bin;C:\Program Files\JetBrains\IntelliJ IDEA 2022.3.2\bin;C:\Users\Junior\AppData\Local\JetBrains\Toolbox\scripts;
USERNAME=Junior
OS=Windows_NT
PROCESSOR_IDENTIFIER=AMD64 Family 21 Model 1 Stepping 2, AuthenticAMD
TMP=C:\Users\Junior\AppData\Local\Temp
TEMP=C:\Users\Junior\AppData\Local\Temp


JNI global refs:
JNI global refs: 24, weak refs: 0

JNI global refs memory usage: 843, weak refs: 841

OOME stack traces (most recent first):
Classloader memory used:
Loader org.gradle.internal.classloader.VisitableURLClassLoader                         : 2553K
Loader bootstrap                                                                       : 2303K
Loader org.gradle.initialization.MixInLegacyTypesClassLoader                           : 441K
Loader jdk.internal.loader.ClassLoaders$PlatformClassLoader                            : 67357B
Loader jdk.internal.loader.ClassLoaders$AppClassLoader                                 : 28451B
Loader jdk.internal.reflect.DelegatingClassLoader                                      : 3433B

Classes loaded by more than one classloader:
Class org.gradle.internal.installation.GradleInstallation                             : loaded 2 times (x 73B)
Class org.gradle.internal.classpath.ClassPath                                         : loaded 2 times (x 68B)
Class org.gradle.api.internal.classpath.DefaultModuleRegistry                         : loaded 2 times (x 84B)
Class org.gradle.api.Action                                                           : loaded 2 times (x 68B)
Class org.gradle.api.internal.DefaultClassPathProvider                                : loaded 2 times (x 74B)
Class org.gradle.internal.installation.GradleInstallation$1                           : loaded 2 times (x 73B)
Class org.gradle.internal.classloader.FilteringClassLoader                            : loaded 2 times (x 103B)
Class org.gradle.internal.classpath.DefaultClassPath$ImmutableUniqueList$Builder      : loaded 2 times (x 73B)
Class org.gradle.internal.classloader.ClassLoaderVisitor                              : loaded 2 times (x 74B)
Class org.gradle.internal.service.DefaultServiceLocator                               : loaded 2 times (x 81B)
Class org.gradle.internal.service.UnknownServiceException                             : loaded 2 times (x 81B)
Class org.gradle.internal.classloader.DefaultClassLoaderFactory                       : loaded 2 times (x 80B)
Class org.gradle.internal.classloader.VisitableURLClassLoader$Spec                    : loaded 2 times (x 72B)
Class org.gradle.api.GradleException                                                  : loaded 2 times (x 80B)
Class org.gradle.api.internal.classpath.ModuleRegistry                                : loaded 2 times (x 68B)
Class org.gradle.api.internal.ClassPathProvider                                       : loaded 2 times (x 68B)
Class org.gradle.internal.classloader.ClasspathUtil$1                                 : loaded 2 times (x 74B)
Class org.gradle.internal.classloader.ClassLoaderFactory                              : loaded 2 times (x 68B)
Class org.gradle.api.internal.classpath.ManifestUtil                                  : loaded 2 times (x 69B)
Class org.gradle.api.specs.Spec                                                       : loaded 2 times (x 68B)
Class org.gradle.internal.IoActions                                                   : loaded 2 times (x 69B)
Class org.gradle.api.internal.classpath.EffectiveClassPath                            : loaded 2 times (x 88B)
Class org.gradle.internal.installation.CurrentGradleInstallation                      : loaded 2 times (x 71B)
Class org.gradle.internal.agents.InstrumentingClassLoader                             : loaded 2 times (x 68B)
Class org.gradle.internal.installation.CurrentGradleInstallationLocator               : loaded 2 times (x 69B)
Class org.gradle.api.internal.classpath.Module                                        : loaded 2 times (x 68B)
Class org.gradle.internal.service.CachingServiceLocator                               : loaded 2 times (x 80B)
Class org.gradle.internal.classpath.DefaultClassPath                                  : loaded 2 times (x 88B)
Class org.gradle.internal.classloader.SystemClassLoaderSpec                           : loaded 2 times (x 69B)
Class org.gradle.api.UncheckedIOException                                             : loaded 2 times (x 80B)
Class org.gradle.internal.classloader.ClasspathUtil                                   : loaded 2 times (x 69B)
Class org.gradle.api.internal.DefaultClassPathRegistry                                : loaded 2 times (x 74B)
Class org.gradle.api.internal.classpath.DefaultModuleRegistry$DefaultModule           : loaded 2 times (x 84B)
Class org.gradle.api.internal.classpath.UnknownModuleException                        : loaded 2 times (x 80B)
Class org.gradle.internal.service.ServiceLookupException                              : loaded 2 times (x 80B)
Class org.gradle.cache.GlobalCache                                                    : loaded 2 times (x 68B)
Class [Lorg.gradle.api.internal.ClassPathProvider;                                    : loaded 2 times (x 67B)
Class org.gradle.util.internal.GUtil                                                  : loaded 2 times (x 69B)
Class org.gradle.internal.classloader.ClassLoaderSpec                                 : loaded 2 times (x 69B)
Class org.gradle.internal.classloader.VisitableURLClassLoader                         : loaded 2 times (x 115B)
Class org.gradle.internal.Cast                                                        : loaded 2 times (x 69B)
Class org.gradle.api.internal.ClassPathRegistry                                       : loaded 2 times (x 68B)
Class org.gradle.internal.classloader.VisitableURLClassLoader$InstrumentingVisitableURLClassLoader: loaded 2 times (x 121B)
Class org.gradle.internal.classloader.ClassLoaderHierarchy                            : loaded 2 times (x 68B)
Class org.gradle.internal.InternalTransformer                                         : loaded 2 times (x 68B)
Class org.gradle.internal.service.ServiceLocator                                      : loaded 2 times (x 68B)
Class org.gradle.internal.classpath.DefaultClassPath$ImmutableUniqueList              : loaded 2 times (x 159B)
Class org.gradle.internal.classpath.TransformedClassPath                              : loaded 2 times (x 94B)


---------------  S Y S T E M  ---------------

OS:
 Windows 10 , 64 bit Build 19041 (10.0.19041.3393)
OS uptime: 0 days 0:04 hours

CPU: total 8 (initial active 8) (8 cores per cpu, 1 threads per core) family 21 model 1 stepping 2 microcode 0x0, cx8, cmov, fxsr, mmx, 3dnowpref, sse, sse2, sse3, ssse3, sse4a, sse4.1, sse4.2, popcnt, lzcnt, tsc, tscinvbit, avx, aes, clmul, vzeroupper, clflush
Processor Information for all 8 processors :
  Max Mhz: 2800, Current Mhz: 2800, Mhz Limit: 2800

Memory: 4k page, system-wide physical 12254M (2960M free)
TotalPageFile size 18910M (AvailPageFile size 9194M)
current process WorkingSet (physical memory assigned to process): 217M, peak: 217M
current process commit charge ("private bytes"): 267M, peak: 330M

vm_info: OpenJDK 64-Bit Server VM (17.0.8+0--10799086) for windows-amd64 JRE (17.0.8+0--10799086), built on Sep 13 2023 00:06:58 by "androidbuild" with MS VC++ 16.10 / 16.11 (VS2019)

END.
